<?xml version="1.0" encoding="UTF-8"?>
<testng-results skipped="0" failed="2" ignored="0" total="2" passed="0">
  <reporter-output>
  </reporter-output>
  <suite name="Default suite" duration-ms="59384" started-at="2020-07-06T12:00:47Z" finished-at="2020-07-06T12:01:47Z">
    <groups>
      <group name="cucumber">
        <method signature="RegressionRunner.feature(cucumber.api.testng.CucumberFeatureWrapper)[pri:0, instance:com.appium.bdd.learnpython.regressionrunner.RegressionRunner@36ebc363]" name="feature" class="com.appium.bdd.learnpython.regressionrunner.RegressionRunner"/>
      </group> <!-- cucumber -->
    </groups>
    <test name="Default test" duration-ms="59384" started-at="2020-07-06T12:00:47Z" finished-at="2020-07-06T12:01:47Z">
      <class name="com.appium.bdd.learnpython.regressionrunner.RegressionRunner">
        <test-method status="PASS" signature="BeforeTheSuite()[pri:0, instance:com.appium.bdd.learnpython.regressionrunner.RegressionRunner@36ebc363]" name="BeforeTheSuite" is-config="true" duration-ms="125" started-at="2020-07-06T17:30:47Z" finished-at="2020-07-06T17:30:47Z">
          <reporter-output>
          </reporter-output>
        </test-method> <!-- BeforeTheSuite -->
        <test-method status="PASS" signature="setUpClass()[pri:0, instance:com.appium.bdd.learnpython.regressionrunner.RegressionRunner@36ebc363]" name="setUpClass" is-config="true" duration-ms="844" started-at="2020-07-06T17:30:47Z" finished-at="2020-07-06T17:30:48Z">
          <reporter-output>
          </reporter-output>
        </test-method> <!-- setUpClass -->
        <test-method status="FAIL" signature="feature(cucumber.api.testng.CucumberFeatureWrapper)[pri:0, instance:com.appium.bdd.learnpython.regressionrunner.RegressionRunner@36ebc363]" name="feature" duration-ms="41258" started-at="2020-07-06T17:30:48Z" description="Runs Cucumber Feature" data-provider="features" finished-at="2020-07-06T17:31:29Z">
          <params>
            <param index="0">
              <value>
                <![CDATA[Login Activity scenarios]]>
              </value>
            </param>
          </params>
          <exception class="cucumber.runtime.CucumberException">
            <message>
              <![CDATA[java.lang.NullPointerException]]>
            </message>
            <full-stacktrace>
              <![CDATA[cucumber.runtime.CucumberException: java.lang.NullPointerException
	at cucumber.api.testng.TestNGCucumberRunner.runCucumber(TestNGCucumberRunner.java:69)
	at com.appium.bdd.learnpython.regressionrunner.RegressionRunner.feature(RegressionRunner.java:56)
	at sun.reflect.NativeMethodAccessorImpl.invoke0(Native Method)
	at sun.reflect.NativeMethodAccessorImpl.invoke(NativeMethodAccessorImpl.java:62)
	at sun.reflect.DelegatingMethodAccessorImpl.invoke(DelegatingMethodAccessorImpl.java:43)
	at java.lang.reflect.Method.invoke(Method.java:498)
	at org.testng.internal.MethodInvocationHelper.invokeMethod(MethodInvocationHelper.java:104)
	at org.testng.internal.Invoker.invokeMethod(Invoker.java:645)
	at org.testng.internal.Invoker.invokeTestMethod(Invoker.java:851)
	at org.testng.internal.Invoker.invokeTestMethods(Invoker.java:1177)
	at org.testng.internal.TestMethodWorker.invokeTestMethods(TestMethodWorker.java:129)
	at org.testng.internal.TestMethodWorker.run(TestMethodWorker.java:112)
	at org.testng.TestRunner.privateRun(TestRunner.java:756)
	at org.testng.TestRunner.run(TestRunner.java:610)
	at org.testng.SuiteRunner.runTest(SuiteRunner.java:387)
	at org.testng.SuiteRunner.runSequentially(SuiteRunner.java:382)
	at org.testng.SuiteRunner.privateRun(SuiteRunner.java:340)
	at org.testng.SuiteRunner.run(SuiteRunner.java:289)
	at org.testng.SuiteRunnerWorker.runSuite(SuiteRunnerWorker.java:52)
	at org.testng.SuiteRunnerWorker.run(SuiteRunnerWorker.java:86)
	at org.testng.TestNG.runSuitesSequentially(TestNG.java:1293)
	at org.testng.TestNG.runSuitesLocally(TestNG.java:1218)
	at org.testng.TestNG.runSuites(TestNG.java:1133)
	at org.testng.TestNG.run(TestNG.java:1104)
	at org.testng.remote.AbstractRemoteTestNG.run(AbstractRemoteTestNG.java:114)
	at org.testng.remote.RemoteTestNG.initAndRun(RemoteTestNG.java:251)
	at org.testng.remote.RemoteTestNG.main(RemoteTestNG.java:77)
Caused by: java.lang.NullPointerException
	at com.appium.bdd.learnpython.stepdefinitions.LoginActivityStepDef.User_should_land_up_in_Home(LoginActivityStepDef.java:115)
	at ✽.Then User should land up in Home page(001_LoginActivity.feature:14)
]]>
            </full-stacktrace>
          </exception> <!-- cucumber.runtime.CucumberException -->
          <reporter-output>
          </reporter-output>
        </test-method> <!-- feature -->
        <test-method status="FAIL" signature="feature(cucumber.api.testng.CucumberFeatureWrapper)[pri:0, instance:com.appium.bdd.learnpython.regressionrunner.RegressionRunner@36ebc363]" name="feature" duration-ms="17063" started-at="2020-07-06T17:31:30Z" description="Runs Cucumber Feature" data-provider="features" finished-at="2020-07-06T17:31:47Z">
          <params>
            <param index="0">
              <value>
                <![CDATA[Home Activity scenarios]]>
              </value>
            </param>
          </params>
          <exception class="cucumber.runtime.CucumberException">
            <message>
              <![CDATA[java.lang.NullPointerException]]>
            </message>
            <full-stacktrace>
              <![CDATA[cucumber.runtime.CucumberException: java.lang.NullPointerException
	at cucumber.api.testng.TestNGCucumberRunner.runCucumber(TestNGCucumberRunner.java:69)
	at com.appium.bdd.learnpython.regressionrunner.RegressionRunner.feature(RegressionRunner.java:56)
	at sun.reflect.NativeMethodAccessorImpl.invoke0(Native Method)
	at sun.reflect.NativeMethodAccessorImpl.invoke(NativeMethodAccessorImpl.java:62)
	at sun.reflect.DelegatingMethodAccessorImpl.invoke(DelegatingMethodAccessorImpl.java:43)
	at java.lang.reflect.Method.invoke(Method.java:498)
	at org.testng.internal.MethodInvocationHelper.invokeMethod(MethodInvocationHelper.java:104)
	at org.testng.internal.Invoker.invokeMethod(Invoker.java:645)
	at org.testng.internal.Invoker.invokeTestMethod(Invoker.java:851)
	at org.testng.internal.Invoker.invokeTestMethods(Invoker.java:1177)
	at org.testng.internal.TestMethodWorker.invokeTestMethods(TestMethodWorker.java:129)
	at org.testng.internal.TestMethodWorker.run(TestMethodWorker.java:112)
	at org.testng.TestRunner.privateRun(TestRunner.java:756)
	at org.testng.TestRunner.run(TestRunner.java:610)
	at org.testng.SuiteRunner.runTest(SuiteRunner.java:387)
	at org.testng.SuiteRunner.runSequentially(SuiteRunner.java:382)
	at org.testng.SuiteRunner.privateRun(SuiteRunner.java:340)
	at org.testng.SuiteRunner.run(SuiteRunner.java:289)
	at org.testng.SuiteRunnerWorker.runSuite(SuiteRunnerWorker.java:52)
	at org.testng.SuiteRunnerWorker.run(SuiteRunnerWorker.java:86)
	at org.testng.TestNG.runSuitesSequentially(TestNG.java:1293)
	at org.testng.TestNG.runSuitesLocally(TestNG.java:1218)
	at org.testng.TestNG.runSuites(TestNG.java:1133)
	at org.testng.TestNG.run(TestNG.java:1104)
	at org.testng.remote.AbstractRemoteTestNG.run(AbstractRemoteTestNG.java:114)
	at org.testng.remote.RemoteTestNG.initAndRun(RemoteTestNG.java:251)
	at org.testng.remote.RemoteTestNG.main(RemoteTestNG.java:77)
Caused by: java.lang.NullPointerException
	at com.appium.bdd.learnpython.stepdefinitions.HomeActivityStepDef.User_learn_tab_all_expected_components_should_be_present(HomeActivityStepDef.java:83)
	at ✽.Then Under LEARN tab all the expected components should be present(002_HomeActivity.feature:8)
]]>
            </full-stacktrace>
          </exception> <!-- cucumber.runtime.CucumberException -->
          <reporter-output>
          </reporter-output>
        </test-method> <!-- feature -->
        <test-method status="PASS" signature="tearDownClass()[pri:0, instance:com.appium.bdd.learnpython.regressionrunner.RegressionRunner@36ebc363]" name="tearDownClass" is-config="true" duration-ms="16" started-at="2020-07-06T17:31:47Z" finished-at="2020-07-06T17:31:47Z">
          <reporter-output>
          </reporter-output>
        </test-method> <!-- tearDownClass -->
        <test-method status="PASS" signature="AfterTheSuite()[pri:0, instance:com.appium.bdd.learnpython.regressionrunner.RegressionRunner@36ebc363]" name="AfterTheSuite" is-config="true" duration-ms="42456" started-at="2020-07-06T17:31:47Z" finished-at="2020-07-06T17:32:29Z">
          <reporter-output>
          </reporter-output>
        </test-method> <!-- AfterTheSuite -->
      </class> <!-- com.appium.bdd.learnpython.regressionrunner.RegressionRunner -->
    </test> <!-- Default test -->
  </suite> <!-- Default suite -->
</testng-results>
